<?xml version="1.0" encoding="UTF-8"?>
<!-- Generated by org.testng.reporters.JUnitXMLReporter -->
<testsuite hostname="LAPTOP-K1OJI7SN" name="Default test" tests="4" failures="0" timestamp="3 Sep 2020 07:55:19 GMT" time="18.372" errors="0">
  <testcase name="Login_PanelHeadingText" time="0.613" classname="com.goibibi.Testcases.VerifyValidLogin"/>
  <testcase name="checkInvaliduser" time="1.51" classname="com.goibibi.Testcases.VerifyValidLogin"/>
  <testcase name="checkvaliduser" time="5.279" classname="com.goibibi.Testcases.VerifyValidLogin"/>
  <testcase name="getloginurl" time="0.025" classname="com.goibibi.Testcases.VerifyValidLogin"/>
</testsuite> <!-- Default test -->
